<?xml version="1.0" encoding="UTF-8"?>
<testsuite xmlns:xsi="http://www.w3.org/2001/XMLSchema-instance" xsi:noNamespaceSchemaLocation="https://maven.apache.org/surefire/maven-surefire-plugin/xsd/surefire-test-report.xsd" version="3.0.2" name="com.itheima.TliasWebManagementApplicationTests" time="2.635" tests="1" errors="0" skipped="0" failures="0">
  <properties>
[...]
</properties>
  <testcase name="contextLoads" classname="com.itheima.TliasWebManagementApplicationTests" time="0.643">
    <system-out><![CDATA[2025-01-03 01:24:26.040 [main] INFO  o.s.t.c.support.AnnotationConfigContextLoaderUtils-Could not detect default configuration classes for test class [com.itheima.TliasWebManagementApplicationTests]: TliasWebManagementApplicationTests does not declare any static, non-private, non-final, nested classes annotated with @Configuration.
2025-01-03 01:24:26.158 [main] INFO  o.s.b.t.context.SpringBootTestContextBootstrapper-Found @SpringBootConfiguration com.itheima.TliasWebManagementApplication for test class com.itheima.TliasWebManagementApplicationTests

  .   ____          _            __ _ _
 /\\ / ___'_ __ _ _(_)_ __  __ _ \ \ \ \
( ( )\___ | '_ | '_| | '_ \/ _` | \ \ \ \
 \\/  ___)| |_)| | | | | || (_| |  ) ) ) )
  '  |____| .__|_| |_|_| |_\__, | / / / /
 =========|_|==============|___/=/_/_/_/

 :: Spring Boot ::                (v3.4.0)

2025-01-03 01:24:26.522 [main] INFO  com.itheima.TliasWebManagementApplicationTests-Starting TliasWebManagementApplicationTests using Java 23 with PID 20320 (started by 20743 in D:\Hang-code\Java\JavaWeb\web-ai-project02\tlias-web-management)
2025-01-03 01:24:26.522 [main] INFO  com.itheima.TliasWebManagementApplicationTests-No active profile set, falling back to 1 default profile: "default"
Logging initialized using 'class org.apache.ibatis.logging.stdout.StdOutImpl' adapter.
2025-01-03 01:24:27.899 [main] INFO  com.itheima.TliasWebManagementApplicationTests-Started TliasWebManagementApplicationTests in 1.62 seconds (process running for 2.949)
]]></system-out>
    <system-err><![CDATA[Mockito is currently self-attaching to enable the inline-mock-maker. This will no longer work in future releases of the JDK. Please add Mockito as an agent to your build what is described in Mockito's documentation: https://javadoc.io/doc/org.mockito/mockito-core/latest/org/mockito/Mockito.html#0.3
WARNING: A Java agent has been loaded dynamically (D:\apache-maven-3.9.9\mvn_repo\net\bytebuddy\byte-buddy-agent\1.15.10\byte-buddy-agent-1.15.10.jar)
WARNING: If a serviceability tool is in use, please run with -XX:+EnableDynamicAgentLoading to hide this warning
WARNING: If a serviceability tool is not in use, please run with -Djdk.instrument.traceUsage for more information
WARNING: Dynamic loading of agents will be disallowed by default in a future release
]]></system-err>
  </testcase>
</testsuite>